0 info it worked if it ends with ok
1 verbose cli [ '/usr/bin/nodejs', '/usr/bin/npm', 'run', 'test' ]
2 info using npm@3.10.3
3 info using node@v6.4.0
4 verbose run-script [ 'pretest', 'test', 'posttest' ]
5 info lifecycle MUSIT-Frontend@1.0.0~pretest: MUSIT-Frontend@1.0.0
6 silly lifecycle MUSIT-Frontend@1.0.0~pretest: no script for pretest, continuing
7 info lifecycle MUSIT-Frontend@1.0.0~test: MUSIT-Frontend@1.0.0
8 verbose lifecycle MUSIT-Frontend@1.0.0~test: unsafe-perm in lifecycle true
9 verbose lifecycle MUSIT-Frontend@1.0.0~test: PATH: /usr/lib/node_modules/npm/bin/node-gyp-bin:/home/rituvesh/musit-frontend/node_modules/.bin:/usr/bin:/home/rituvesh/bin:/home/rituvesh/.local/bin:/usr/local/sbin:/usr/local/bin:/usr/sbin:/usr/bin:/sbin:/bin:/usr/games:/usr/local/games:/snap/bin
10 verbose lifecycle MUSIT-Frontend@1.0.0~test: CWD: /home/rituvesh/musit-frontend
11 silly lifecycle MUSIT-Frontend@1.0.0~test: Args: [ '-c',
11 silly lifecycle   './node_modules/mocha/bin/mocha --compilers js:babel-core/register $(find src -name \'*-test.js\')' ]
12 silly lifecycle MUSIT-Frontend@1.0.0~test: Returned: code: 3  signal: null
13 info lifecycle MUSIT-Frontend@1.0.0~test: Failed to exec test script
14 verbose stack Error: MUSIT-Frontend@1.0.0 test: `./node_modules/mocha/bin/mocha --compilers js:babel-core/register $(find src -name '*-test.js')`
14 verbose stack Exit status 3
14 verbose stack     at EventEmitter.<anonymous> (/usr/lib/node_modules/npm/lib/utils/lifecycle.js:242:16)
14 verbose stack     at emitTwo (events.js:106:13)
14 verbose stack     at EventEmitter.emit (events.js:191:7)
14 verbose stack     at ChildProcess.<anonymous> (/usr/lib/node_modules/npm/lib/utils/spawn.js:40:14)
14 verbose stack     at emitTwo (events.js:106:13)
14 verbose stack     at ChildProcess.emit (events.js:191:7)
14 verbose stack     at maybeClose (internal/child_process.js:852:16)
14 verbose stack     at Process.ChildProcess._handle.onexit (internal/child_process.js:215:5)
15 verbose pkgid MUSIT-Frontend@1.0.0
16 verbose cwd /home/rituvesh/musit-frontend
17 error Linux 4.4.0-34-generic
18 error argv "/usr/bin/nodejs" "/usr/bin/npm" "run" "test"
19 error node v6.4.0
20 error npm  v3.10.3
21 error code ELIFECYCLE
22 error MUSIT-Frontend@1.0.0 test: `./node_modules/mocha/bin/mocha --compilers js:babel-core/register $(find src -name '*-test.js')`
22 error Exit status 3
23 error Failed at the MUSIT-Frontend@1.0.0 test script './node_modules/mocha/bin/mocha --compilers js:babel-core/register $(find src -name '*-test.js')'.
23 error Make sure you have the latest version of node.js and npm installed.
23 error If you do, this is most likely a problem with the MUSIT-Frontend package,
23 error not with npm itself.
23 error Tell the author that this fails on your system:
23 error     ./node_modules/mocha/bin/mocha --compilers js:babel-core/register $(find src -name '*-test.js')
23 error You can get information on how to open an issue for this project with:
23 error     npm bugs MUSIT-Frontend
23 error Or if that isn't available, you can get their info via:
23 error     npm owner ls MUSIT-Frontend
23 error There is likely additional logging output above.
24 verbose exit [ 1, true ]
